2017/05/08 23:11:30 [I] [asm_amd64.s:2086] http server Running on http://:8081
2017/05/08 23:11:50 [D] [default.go:66] MainController requestBody:{"Factory":"c","Other":"排产=1345\u0026切长=1234\u0026本班累计=12345\u00261车车速=120\u0026合格=666\u0026车速=180\u0026本班剩余=1000\u00262车车速=130\u0026剩余=2222\u0026平均=160\u0026行车数量=128\u00263车车速=125\u0026不良品=888\u0026行机时间=4567\u0026行机次数=56\u0026生产损耗=25%\u0026开工时间=2017-03-13 08:08\u0026时间=2017-03-13 08:08\u0026班组=A\u0026修边损耗=20%","Group":"一号线"} 
2017/05/08 23:11:50 [D] [default.go:80] MainController.Post, id: 4 
2017/05/08 23:11:50 [D] [default.go:81] MainController.Post, created: false 
2017/05/08 23:11:55 [D] [default.go:66] MainController requestBody:{"Factory":"c","Other":"排产=1345\u0026切长=1234\u0026本班累计=12345\u00261车车速=120\u0026合格=666\u0026车速=180\u0026本班剩余=1000\u00262车车速=130\u0026剩余=2222\u0026平均=160\u0026行车数量=128\u00263车车速=125\u0026不良品=888\u0026行机时间=4567\u0026行机次数=56\u0026生产损耗=25%\u0026开工时间=2017-03-13 08:08\u0026时间=2017-03-13 08:08\u0026班组=A\u0026修边损耗=20%","Group":"一号线"} 
2017/05/08 23:11:55 [D] [default.go:80] MainController.Post, id: 4 
2017/05/08 23:11:55 [D] [default.go:81] MainController.Post, created: false 
2017/05/10 23:46:48 [I] [asm_amd64.s:2086] http server Running on http://:8081
2017/05/10 23:46:50 [D] [controller.go:46] MainController requestBody:{"Factory":"c","Other":"排产=1345\u0026切长=1234\u0026本班累计=12345\u00261车车速=120\u0026合格=666\u0026车速=180\u0026本班剩余=1000\u00262车车速=130\u0026剩余=2222\u0026平均=160\u0026行车数量=128\u00263车车速=125\u0026不良品=888\u0026行机时间=4567\u0026行机次数=56\u0026生产损耗=25%\u0026开工时间=2017-03-13 08:08\u0026时间=2017-03-13 08:08\u0026班组=A\u0026修边损耗=20%","Group":"一号线"} 
2017/05/10 23:46:50 [D] [controller.go:60] MainController.Post, id: 4 
2017/05/10 23:46:50 [D] [controller.go:61] MainController.Post, created: false 
2017/05/10 23:46:55 [D] [controller.go:46] MainController requestBody:{"Factory":"c","Other":"排产=1345\u0026切长=1234\u0026本班累计=12345\u00261车车速=120\u0026合格=666\u0026车速=180\u0026本班剩余=1000\u00262车车速=130\u0026剩余=2222\u0026平均=160\u0026行车数量=128\u00263车车速=125\u0026不良品=888\u0026行机时间=4567\u0026行机次数=56\u0026生产损耗=25%\u0026开工时间=2017-03-13 08:08\u0026时间=2017-03-13 08:08\u0026班组=A\u0026修边损耗=20%","Group":"一号线"} 
2017/05/10 23:46:55 [D] [controller.go:60] MainController.Post, id: 4 
2017/05/10 23:46:55 [D] [controller.go:61] MainController.Post, created: false 
2017/05/14 08:35:57 [I] [asm_amd64.s:2086] http server Running on http://:8081
2017/05/14 08:38:07 [I] [asm_amd64.s:2086] http server Running on http://:8081
2017/05/14 08:39:21 [I] [asm_amd64.s:2086] http server Running on http://:8081
2017/05/14 23:38:00 [I] [asm_amd64.s:2086] http server Running on http://:8081
2017/05/14 23:38:20 [D] [factoryController.go:46] MainController requestBody:{"Factory":"c","Other":"排产=1345\u0026切长=1234\u0026本班累计=12345\u00261车车速=120\u0026合格=666\u0026车速=180\u0026本班剩余=1000\u00262车车速=130\u0026剩余=2222\u0026平均=160\u0026行车数量=128\u00263车车速=125\u0026不良品=888\u0026行机时间=4567\u0026行机次数=56\u0026生产损耗=25%\u0026开工时间=2017-03-13 08:08\u0026时间=2017-03-13 08:08\u0026班组=A\u0026修边损耗=20%","Time":"","Class":"","Group":"一号线"} 
2017/05/14 23:38:20 [D] [factoryController.go:60] MainController.Post, id: 4 
2017/05/14 23:38:20 [D] [factoryController.go:61] MainController.Post, created: false 
2017/05/14 23:38:20 [D] [histroyController.go:57] HistoryController requestBody:{"Factory":"纸箱厂","Other":"开工时间=2016-10-20 07:48:34\u0026完成时间=2016-10-20 14:17:28\u0026工作时间=389\u0026停机时间=0.52\u0026停机次数=7\u0026平均车速=100\u0026平均门幅=1265\u0026订单笔数=287\u0026换楞次数=20\u0026累计米数=39626\u0026合格米数=38709\u0026累计面积=50132\u0026合格面积=48966\u0026累计重量(kg)=30789\u0026合格重量(kg)=30060\u0026累计修边(m2)=1876\u0026累计修边(kg)=1011\u0026修边比例(%)=3.72","Time":"2016-10-20","Class":"D","Group":"一号线"} 
2017/05/14 23:38:20 [E] [histroyController.go:68] HistoryController.Post, create history err 
2017/05/14 23:40:11 [I] [asm_amd64.s:2086] http server Running on http://:8081
2017/05/14 23:40:25 [D] [factoryController.go:46] MainController requestBody:{"Factory":"c","Other":"排产=1345\u0026切长=1234\u0026本班累计=12345\u00261车车速=120\u0026合格=666\u0026车速=180\u0026本班剩余=1000\u00262车车速=130\u0026剩余=2222\u0026平均=160\u0026行车数量=128\u00263车车速=125\u0026不良品=888\u0026行机时间=4567\u0026行机次数=56\u0026生产损耗=25%\u0026开工时间=2017-03-13 08:08\u0026时间=2017-03-13 08:08\u0026班组=A\u0026修边损耗=20%","Time":"","Class":"","Group":"一号线"} 
2017/05/14 23:40:25 [D] [factoryController.go:60] MainController.Post, id: 4 
2017/05/14 23:40:25 [D] [factoryController.go:61] MainController.Post, created: false 
2017/05/14 23:40:25 [D] [histroyController.go:57] HistoryController requestBody:{"Factory":"纸箱厂","Other":"开工时间=2016-10-20 07:48:34\u0026完成时间=2016-10-20 14:17:28\u0026工作时间=389\u0026停机时间=0.52\u0026停机次数=7\u0026平均车速=100\u0026平均门幅=1265\u0026订单笔数=287\u0026换楞次数=20\u0026累计米数=39626\u0026合格米数=38709\u0026累计面积=50132\u0026合格面积=48966\u0026累计重量(kg)=30789\u0026合格重量(kg)=30060\u0026累计修边(m2)=1876\u0026累计修边(kg)=1011\u0026修边比例(%)=3.72","Time":"2016-10-20","Class":"D","Group":"一号线"} 
2017/05/14 23:40:25 [E] [histroyController.go:62] HistoryController unMarshl json:parsing time ""2016-10-20"" as ""2006-01-02T15:04:05Z07:00"": cannot parse """ as "T" 
2017/05/14 23:40:30 [D] [factoryController.go:46] MainController requestBody:{"Factory":"c","Other":"排产=1345\u0026切长=1234\u0026本班累计=12345\u00261车车速=120\u0026合格=666\u0026车速=180\u0026本班剩余=1000\u00262车车速=130\u0026剩余=2222\u0026平均=160\u0026行车数量=128\u00263车车速=125\u0026不良品=888\u0026行机时间=4567\u0026行机次数=56\u0026生产损耗=25%\u0026开工时间=2017-03-13 08:08\u0026时间=2017-03-13 08:08\u0026班组=A\u0026修边损耗=20%","Time":"","Class":"","Group":"一号线"} 
2017/05/14 23:40:30 [D] [factoryController.go:60] MainController.Post, id: 4 
2017/05/14 23:40:30 [D] [factoryController.go:61] MainController.Post, created: false 
2017/05/14 23:40:30 [D] [histroyController.go:57] HistoryController requestBody:{"Factory":"纸箱厂","Other":"开工时间=2016-10-20 07:48:34\u0026完成时间=2016-10-20 14:17:28\u0026工作时间=389\u0026停机时间=0.52\u0026停机次数=7\u0026平均车速=100\u0026平均门幅=1265\u0026订单笔数=287\u0026换楞次数=20\u0026累计米数=39626\u0026合格米数=38709\u0026累计面积=50132\u0026合格面积=48966\u0026累计重量(kg)=30789\u0026合格重量(kg)=30060\u0026累计修边(m2)=1876\u0026累计修边(kg)=1011\u0026修边比例(%)=3.72","Time":"2016-10-20","Class":"D","Group":"一号线"} 
2017/05/14 23:40:30 [E] [histroyController.go:62] HistoryController unMarshl json:parsing time ""2016-10-20"" as ""2006-01-02T15:04:05Z07:00"": cannot parse """ as "T" 
2017/05/14 23:46:39 [I] [asm_amd64.s:2086] http server Running on http://:8081
2017/05/14 23:48:21 [I] [asm_amd64.s:2086] http server Running on http://:8081
2017/05/14 23:48:35 [D] [factoryController.go:46] MainController requestBody:{"Factory":"c","Other":"排产=1345\u0026切长=1234\u0026本班累计=12345\u00261车车速=120\u0026合格=666\u0026车速=180\u0026本班剩余=1000\u00262车车速=130\u0026剩余=2222\u0026平均=160\u0026行车数量=128\u00263车车速=125\u0026不良品=888\u0026行机时间=4567\u0026行机次数=56\u0026生产损耗=25%\u0026开工时间=2017-03-13 08:08\u0026时间=2017-03-13 08:08\u0026班组=A\u0026修边损耗=20%","Time":"","Class":"","Group":"一号线"} 
2017/05/14 23:48:35 [D] [factoryController.go:60] MainController.Post, id: 4 
2017/05/14 23:48:35 [D] [factoryController.go:61] MainController.Post, created: false 
2017/05/14 23:48:35 [D] [histroyController.go:57] HistoryController requestBody:invalid character '-' after object key:value pair 
2017/05/14 23:48:35 [E] [histroyController.go:62] HistoryController unMarshl json:invalid character 'i' looking for beginning of value 
2017/05/14 23:48:40 [D] [factoryController.go:46] MainController requestBody:{"Factory":"c","Other":"排产=1345\u0026切长=1234\u0026本班累计=12345\u00261车车速=120\u0026合格=666\u0026车速=180\u0026本班剩余=1000\u00262车车速=130\u0026剩余=2222\u0026平均=160\u0026行车数量=128\u00263车车速=125\u0026不良品=888\u0026行机时间=4567\u0026行机次数=56\u0026生产损耗=25%\u0026开工时间=2017-03-13 08:08\u0026时间=2017-03-13 08:08\u0026班组=A\u0026修边损耗=20%","Time":"","Class":"","Group":"一号线"} 
2017/05/14 23:48:40 [D] [factoryController.go:60] MainController.Post, id: 4 
2017/05/14 23:48:40 [D] [factoryController.go:61] MainController.Post, created: false 
2017/05/14 23:48:40 [D] [histroyController.go:57] HistoryController requestBody:invalid character '-' after object key:value pair 
2017/05/14 23:48:40 [E] [histroyController.go:62] HistoryController unMarshl json:invalid character 'i' looking for beginning of value 
2017/05/14 23:51:25 [I] [asm_amd64.s:2086] http server Running on http://:8081
2017/05/14 23:55:59 [I] [asm_amd64.s:2086] http server Running on http://:8081
2017/05/14 23:56:15 [D] [factoryController.go:46] MainController requestBody:{"Factory":"c","Other":"排产=1345\u0026切长=1234\u0026本班累计=12345\u00261车车速=120\u0026合格=666\u0026车速=180\u0026本班剩余=1000\u00262车车速=130\u0026剩余=2222\u0026平均=160\u0026行车数量=128\u00263车车速=125\u0026不良品=888\u0026行机时间=4567\u0026行机次数=56\u0026生产损耗=25%\u0026开工时间=2017-03-13 08:08\u0026时间=2017-03-13 08:08\u0026班组=A\u0026修边损耗=20%","Time":"","Class":"","Group":"一号线"} 
2017/05/14 23:56:15 [D] [factoryController.go:60] MainController.Post, id: 4 
2017/05/14 23:56:15 [D] [factoryController.go:61] MainController.Post, created: false 
2017/05/14 23:56:15 [D] [histroyController.go:56] HistoryController requestBody:{"Factory":"纸箱厂","Other":"开工时间=2016-10-20 07:48:34\u0026完成时间=2016-10-20 14:17:28\u0026工作时间=389\u0026停机时间=0.52\u0026停机次数=7\u0026平均车速=100\u0026平均门幅=1265\u0026订单笔数=287\u0026换楞次数=20\u0026累计米数=39626\u0026合格米数=38709\u0026累计面积=50132\u0026合格面积=48966\u0026累计重量(kg)=30789\u0026合格重量(kg)=30060\u0026累计修边(m2)=1876\u0026累计修边(kg)=1011\u0026修边比例(%)=3.72","Time":"2016-10-20","Class":"D","Group":"一号线"} 
2017/05/15 00:00:20 [I] [asm_amd64.s:2086] http server Running on http://:8081
2017/05/15 00:02:21 [D] [histroyController.go:22] HistoryController.Get: factory= 纸箱厂 date= 2016-10-20 class= D 
2017/05/15 00:02:21 [D] [paper.go:68] ReadHistory: {0 纸箱厂  D 2016-10-20 } 
2017/05/15 00:02:21 [D] [histroyController.go:45] HistoryController.Get: {1 纸箱厂 开工时间=2016-10-20 07:48:34&完成时间=2016-10-20 14:17:28&工作时间=389&停机时间=0.52&停机次数=7&平均车速=100&平均门幅=1265&订单笔数=287&换楞次数=20&累计米数=39626&合格米数=38709&累计面积=50132&合格面积=48966&累计重量(kg)=30789&合格重量(kg)=30060&累计修边(m2)=1876&累计修边(kg)=1011&修边比例(%)=3.72 D 2016-10-20 00:00:00 一号线} 
2017/05/15 23:56:32 [I] [asm_amd64.s:2086] http server Running on http://:8081
2017/05/15 23:57:05 [D] [factoryController.go:50] MainController requestBody:{"Factory":"c","Other":"排产=1345\u0026切长=1234\u0026本班累计=12345\u00261车车速=120\u0026合格=666\u0026车速=180\u0026本班剩余=1000\u00262车车速=130\u0026剩余=2222\u0026平均=160\u0026行车数量=128\u00263车车速=125\u0026不良品=888\u0026行机时间=4567\u0026行机次数=56\u0026生产损耗=25%\u0026开工时间=2017-03-13 08:08\u0026时间=2017-03-13 08:08\u0026班组=A\u0026修边损耗=20%","Time":"","Class":"","Group":"一号线"} 
2017/05/15 23:57:05 [D] [factoryController.go:64] MainController.Post, id: 2 
2017/05/15 23:57:05 [D] [factoryController.go:65] MainController.Post, created: true 
2017/05/15 23:57:05 [D] [histroyController.go:49] HistoryController requestBody:{"Factory":"纸箱厂","Other":"开工时间=2016-10-20 07:48:34\u0026完成时间=2016-10-20 14:17:28\u0026工作时间=389\u0026停机时间=0.52\u0026停机次数=7\u0026平均车速=100\u0026平均门幅=1265\u0026订单笔数=287\u0026换楞次数=20\u0026累计米数=39626\u0026合格米数=38709\u0026累计面积=50132\u0026合格面积=48966\u0026累计重量(kg)=30789\u0026合格重量(kg)=30060\u0026累计修边(m2)=1876\u0026累计修边(kg)=1011\u0026修边比例(%)=3.72","Time":"2016-10-20","Class":"D","Group":"一号线"} 
2017/05/15 23:58:15 [D] [factoryController.go:50] MainController requestBody:{"Factory":"c","Other":"排产=1345\u0026切长=1234\u0026本班累计=12345\u00261车车速=120\u0026合格=666\u0026车速=180\u0026本班剩余=1000\u00262车车速=130\u0026剩余=2222\u0026平均=160\u0026行车数量=128\u00263车车速=125\u0026不良品=888\u0026行机时间=4567\u0026行机次数=56\u0026生产损耗=25%\u0026开工时间=2017-03-13 08:08\u0026时间=2017-03-13 08:08\u0026班组=A\u0026修边损耗=20%","Time":"","Class":"","Group":"一号线"} 
2017/05/15 23:58:15 [D] [factoryController.go:64] MainController.Post, id: 2 
2017/05/15 23:58:15 [D] [factoryController.go:65] MainController.Post, created: false 
2017/05/15 23:58:15 [D] [factoryController.go:50] MainController requestBody:{"Factory":"c","Other":"排产=1234\u0026切长=1234\u0026本班累计=12345\u00261车车速=120\u0026合格=666\u0026车速=180\u0026本班剩余=1000\u00262车车速=130\u0026剩余=2222\u0026平均=160\u0026行车数量=128\u00263车车速=125\u0026不良品=888\u0026行机时间=4567\u0026行机次数=56\u0026生产损耗=25%\u0026开工时间=2017-03-13 08:08\u0026时间=2017-03-13 08:08\u0026班组=A\u0026修边损耗=20%","Time":"","Class":"","Group":"二号线"} 
2017/05/15 23:58:15 [D] [factoryController.go:64] MainController.Post, id: 3 
2017/05/15 23:58:15 [D] [factoryController.go:65] MainController.Post, created: true 
2017/05/15 23:58:15 [D] [histroyController.go:49] HistoryController requestBody:{"Factory":"纸箱厂","Other":"开工时间=2016-10-20 07:48:34\u0026完成时间=2016-10-20 14:17:28\u0026工作时间=389\u0026停机时间=0.52\u0026停机次数=7\u0026平均车速=100\u0026平均门幅=1265\u0026订单笔数=287\u0026换楞次数=20\u0026累计米数=39626\u0026合格米数=38709\u0026累计面积=50132\u0026合格面积=48966\u0026累计重量(kg)=30789\u0026合格重量(kg)=30060\u0026累计修边(m2)=1876\u0026累计修边(kg)=1011\u0026修边比例(%)=3.72","Time":"2016-10-20","Class":"D","Group":"一号线"} 
2017/05/15 23:58:15 [D] [histroyController.go:49] HistoryController requestBody:{"Factory":"纸箱厂","Other":"开工时间=2016-10-20 07:48:34\u0026完成时间=2016-10-20 14:17:28\u0026工作时间=389\u0026停机时间=0.52\u0026停机次数=7\u0026平均车速=100\u0026平均门幅=1265\u0026订单笔数=287\u0026换楞次数=20\u0026累计米数=39626\u0026合格米数=38709\u0026累计面积=50132\u0026合格面积=48966\u0026累计重量(kg)=30789\u0026合格重量(kg)=30060\u0026累计修边(m2)=1876\u0026累计修边(kg)=1011\u0026修边比例(%)=3.72","Time":"2016-10-20","Class":"D","Group":"二号线"} 
2017/05/15 23:58:20 [D] [factoryController.go:50] MainController requestBody:{"Factory":"c","Other":"排产=1345\u0026切长=1234\u0026本班累计=12345\u00261车车速=120\u0026合格=666\u0026车速=180\u0026本班剩余=1000\u00262车车速=130\u0026剩余=2222\u0026平均=160\u0026行车数量=128\u00263车车速=125\u0026不良品=888\u0026行机时间=4567\u0026行机次数=56\u0026生产损耗=25%\u0026开工时间=2017-03-13 08:08\u0026时间=2017-03-13 08:08\u0026班组=A\u0026修边损耗=20%","Time":"","Class":"","Group":"一号线"} 
2017/05/15 23:58:20 [D] [factoryController.go:64] MainController.Post, id: 2 
2017/05/15 23:58:20 [D] [factoryController.go:65] MainController.Post, created: false 
2017/05/15 23:58:20 [D] [factoryController.go:50] MainController requestBody:{"Factory":"c","Other":"排产=1234\u0026切长=1234\u0026本班累计=12345\u00261车车速=120\u0026合格=666\u0026车速=180\u0026本班剩余=1000\u00262车车速=130\u0026剩余=2222\u0026平均=160\u0026行车数量=128\u00263车车速=125\u0026不良品=888\u0026行机时间=4567\u0026行机次数=56\u0026生产损耗=25%\u0026开工时间=2017-03-13 08:08\u0026时间=2017-03-13 08:08\u0026班组=A\u0026修边损耗=20%","Time":"","Class":"","Group":"二号线"} 
2017/05/15 23:58:20 [D] [factoryController.go:64] MainController.Post, id: 3 
2017/05/15 23:58:20 [D] [factoryController.go:65] MainController.Post, created: false 
2017/05/15 23:58:20 [D] [histroyController.go:49] HistoryController requestBody:{"Factory":"纸箱厂","Other":"开工时间=2016-10-20 07:48:34\u0026完成时间=2016-10-20 14:17:28\u0026工作时间=389\u0026停机时间=0.52\u0026停机次数=7\u0026平均车速=100\u0026平均门幅=1265\u0026订单笔数=287\u0026换楞次数=20\u0026累计米数=39626\u0026合格米数=38709\u0026累计面积=50132\u0026合格面积=48966\u0026累计重量(kg)=30789\u0026合格重量(kg)=30060\u0026累计修边(m2)=1876\u0026累计修边(kg)=1011\u0026修边比例(%)=3.72","Time":"2016-10-20","Class":"D","Group":"一号线"} 
2017/05/15 23:58:20 [D] [histroyController.go:49] HistoryController requestBody:{"Factory":"纸箱厂","Other":"开工时间=2016-10-20 07:48:34\u0026完成时间=2016-10-20 14:17:28\u0026工作时间=389\u0026停机时间=0.52\u0026停机次数=7\u0026平均车速=100\u0026平均门幅=1265\u0026订单笔数=287\u0026换楞次数=20\u0026累计米数=39626\u0026合格米数=38709\u0026累计面积=50132\u0026合格面积=48966\u0026累计重量(kg)=30789\u0026合格重量(kg)=30060\u0026累计修边(m2)=1876\u0026累计修边(kg)=1011\u0026修边比例(%)=3.72","Time":"2016-10-20","Class":"D","Group":"二号线"} 
2017/05/15 23:58:25 [D] [factoryController.go:50] MainController requestBody:{"Factory":"c","Other":"排产=1345\u0026切长=1234\u0026本班累计=12345\u00261车车速=120\u0026合格=666\u0026车速=180\u0026本班剩余=1000\u00262车车速=130\u0026剩余=2222\u0026平均=160\u0026行车数量=128\u00263车车速=125\u0026不良品=888\u0026行机时间=4567\u0026行机次数=56\u0026生产损耗=25%\u0026开工时间=2017-03-13 08:08\u0026时间=2017-03-13 08:08\u0026班组=A\u0026修边损耗=20%","Time":"","Class":"","Group":"一号线"} 
2017/05/15 23:58:25 [D] [factoryController.go:64] MainController.Post, id: 2 
2017/05/15 23:58:25 [D] [factoryController.go:65] MainController.Post, created: false 
2017/05/15 23:58:25 [D] [factoryController.go:50] MainController requestBody:{"Factory":"c","Other":"排产=1234\u0026切长=1234\u0026本班累计=12345\u00261车车速=120\u0026合格=666\u0026车速=180\u0026本班剩余=1000\u00262车车速=130\u0026剩余=2222\u0026平均=160\u0026行车数量=128\u00263车车速=125\u0026不良品=888\u0026行机时间=4567\u0026行机次数=56\u0026生产损耗=25%\u0026开工时间=2017-03-13 08:08\u0026时间=2017-03-13 08:08\u0026班组=A\u0026修边损耗=20%","Time":"","Class":"","Group":"二号线"} 
2017/05/15 23:58:25 [D] [factoryController.go:64] MainController.Post, id: 3 
2017/05/15 23:58:25 [D] [factoryController.go:65] MainController.Post, created: false 
2017/05/15 23:58:25 [D] [histroyController.go:49] HistoryController requestBody:{"Factory":"纸箱厂","Other":"开工时间=2016-10-20 07:48:34\u0026完成时间=2016-10-20 14:17:28\u0026工作时间=389\u0026停机时间=0.52\u0026停机次数=7\u0026平均车速=100\u0026平均门幅=1265\u0026订单笔数=287\u0026换楞次数=20\u0026累计米数=39626\u0026合格米数=38709\u0026累计面积=50132\u0026合格面积=48966\u0026累计重量(kg)=30789\u0026合格重量(kg)=30060\u0026累计修边(m2)=1876\u0026累计修边(kg)=1011\u0026修边比例(%)=3.72","Time":"2016-10-20","Class":"D","Group":"一号线"} 
2017/05/15 23:58:25 [D] [histroyController.go:49] HistoryController requestBody:{"Factory":"纸箱厂","Other":"开工时间=2016-10-20 07:48:34\u0026完成时间=2016-10-20 14:17:28\u0026工作时间=389\u0026停机时间=0.52\u0026停机次数=7\u0026平均车速=100\u0026平均门幅=1265\u0026订单笔数=287\u0026换楞次数=20\u0026累计米数=39626\u0026合格米数=38709\u0026累计面积=50132\u0026合格面积=48966\u0026累计重量(kg)=30789\u0026合格重量(kg)=30060\u0026累计修边(m2)=1876\u0026累计修边(kg)=1011\u0026修边比例(%)=3.72","Time":"2016-10-20","Class":"D","Group":"二号线"} 
2017/05/15 23:59:49 [I] [asm_amd64.s:2086] http server Running on http://:8081
