2017/05/17 00:17:14 [D] [factoryController.go:83] MainController.getGroups, factory: c 
2017/05/17 00:17:14 [D] [factoryController.go:92] MainController.getGroups, factories [{4 c 排产=1345&切长=1234&本班累计=12345&1车车速=120&合格=666&车速=180&本班剩余=1000&2车车速=130&剩余=2222&平均=160&行车数量=128&3车车速=125&不良品=888&行机时间=4567&行机次数=56&生产损耗=25%&开工时间=2017-03-13 08:08&时间=2017-03-13 08:08&班组=A&修边损耗=20% 一号线} {5 c 排产=1234&切长=1234&本班累计=12345&1车车速=120&合格=666&车速=180&本班剩余=1000&2车车速=130&剩余=2222&平均=160&行车数量=128&3车车速=125&不良品=888&行机时间=4567&行机次数=56&生产损耗=25%&开工时间=2017-03-13 08:08&时间=2017-03-13 08:08&班组=A&修边损耗=20% 二号线}] 
2017/05/17 00:17:14 [D] [factoryController.go:102] MainController.getGroups, groupJson:一号线,二号线, 
2017/05/17 00:17:16 [D] [factoryController.go:21] mainController.get, factory: c 
2017/05/17 00:17:16 [D] [factoryController.go:22] mainController.get, group: 一号线 
2017/05/17 00:17:16 [D] [factoryController.go:31] MainController.Get, before query factory: {0 c  一号线} 
2017/05/17 00:17:16 [D] [factoryController.go:38] MainController.Get, after query factory: {4 c 排产=1345&切长=1234&本班累计=12345&1车车速=120&合格=666&车速=180&本班剩余=1000&2车车速=130&剩余=2222&平均=160&行车数量=128&3车车速=125&不良品=888&行机时间=4567&行机次数=56&生产损耗=25%&开工时间=2017-03-13 08:08&时间=2017-03-13 08:08&班组=A&修边损耗=20% 一号线} 
2017/05/17 00:17:22 [D] [factoryController.go:21] mainController.get, factory: c 
2017/05/17 00:17:22 [D] [factoryController.go:22] mainController.get, group: 一号线 
2017/05/17 00:17:22 [D] [factoryController.go:31] MainController.Get, before query factory: {0 c  一号线} 
2017/05/17 00:17:22 [D] [factoryController.go:38] MainController.Get, after query factory: {4 c 排产=1345&切长=1234&本班累计=12345&1车车速=120&合格=666&车速=180&本班剩余=1000&2车车速=130&剩余=2222&平均=160&行车数量=128&3车车速=125&不良品=888&行机时间=4567&行机次数=56&生产损耗=25%&开工时间=2017-03-13 08:08&时间=2017-03-13 08:08&班组=A&修边损耗=20% 一号线} 
2017/05/17 22:12:03 [I] [asm_amd64.s:2086] http server Running on http://:8081
2017/05/17 22:12:55 [D] [factoryController.go:83] MainController.getGroups, factory: c 
2017/05/17 22:12:55 [D] [factoryController.go:92] MainController.getGroups, factories [{4 c 排产=1345&切长=1234&本班累计=12345&1车车速=120&合格=666&车速=180&本班剩余=1000&2车车速=130&剩余=2222&平均=160&行车数量=128&3车车速=125&不良品=888&行机时间=4567&行机次数=56&生产损耗=25%&开工时间=2017-03-13 08:08&时间=2017-03-13 08:08&班组=A&修边损耗=20% 一号线} {5 c 排产=1234&切长=1234&本班累计=12345&1车车速=120&合格=666&车速=180&本班剩余=1000&2车车速=130&剩余=2222&平均=160&行车数量=128&3车车速=125&不良品=888&行机时间=4567&行机次数=56&生产损耗=25%&开工时间=2017-03-13 08:08&时间=2017-03-13 08:08&班组=A&修边损耗=20% 二号线}] 
2017/05/17 22:12:55 [D] [factoryController.go:102] MainController.getGroups, groupJson:一号线,二号线, 
2017/05/17 22:12:56 [D] [factoryController.go:21] mainController.get, factory: c 
2017/05/17 22:12:56 [D] [factoryController.go:22] mainController.get, group: 一号线 
2017/05/17 22:12:56 [D] [factoryController.go:31] MainController.Get, before query factory: {0 c  一号线} 
2017/05/17 22:12:56 [D] [factoryController.go:38] MainController.Get, after query factory: {4 c 排产=1345&切长=1234&本班累计=12345&1车车速=120&合格=666&车速=180&本班剩余=1000&2车车速=130&剩余=2222&平均=160&行车数量=128&3车车速=125&不良品=888&行机时间=4567&行机次数=56&生产损耗=25%&开工时间=2017-03-13 08:08&时间=2017-03-13 08:08&班组=A&修边损耗=20% 一号线} 
2017/05/17 22:13:02 [D] [factoryController.go:21] mainController.get, factory: c 
2017/05/17 22:13:02 [D] [factoryController.go:22] mainController.get, group: 一号线 
2017/05/17 22:13:02 [D] [factoryController.go:31] MainController.Get, before query factory: {0 c  一号线} 
2017/05/17 22:13:02 [D] [factoryController.go:38] MainController.Get, after query factory: {4 c 排产=1345&切长=1234&本班累计=12345&1车车速=120&合格=666&车速=180&本班剩余=1000&2车车速=130&剩余=2222&平均=160&行车数量=128&3车车速=125&不良品=888&行机时间=4567&行机次数=56&生产损耗=25%&开工时间=2017-03-13 08:08&时间=2017-03-13 08:08&班组=A&修边损耗=20% 一号线} 
2017/05/17 22:25:03 [D] [factoryController.go:83] MainController.getGroups, factory: c 
2017/05/17 22:25:03 [D] [factoryController.go:92] MainController.getGroups, factories [{4 c 排产=1345&切长=1234&本班累计=12345&1车车速=120&合格=666&车速=180&本班剩余=1000&2车车速=130&剩余=2222&平均=160&行车数量=128&3车车速=125&不良品=888&行机时间=4567&行机次数=56&生产损耗=25%&开工时间=2017-03-13 08:08&时间=2017-03-13 08:08&班组=A&修边损耗=20% 一号线} {5 c 排产=1234&切长=1234&本班累计=12345&1车车速=120&合格=666&车速=180&本班剩余=1000&2车车速=130&剩余=2222&平均=160&行车数量=128&3车车速=125&不良品=888&行机时间=4567&行机次数=56&生产损耗=25%&开工时间=2017-03-13 08:08&时间=2017-03-13 08:08&班组=A&修边损耗=20% 二号线}] 
2017/05/17 22:25:03 [D] [factoryController.go:102] MainController.getGroups, groupJson:一号线,二号线, 
2017/05/17 22:25:05 [D] [factoryController.go:21] mainController.get, factory: c 
2017/05/17 22:25:05 [D] [factoryController.go:22] mainController.get, group: 一号线 
2017/05/17 22:25:05 [D] [factoryController.go:31] MainController.Get, before query factory: {0 c  一号线} 
2017/05/17 22:25:05 [D] [factoryController.go:38] MainController.Get, after query factory: {4 c 排产=1345&切长=1234&本班累计=12345&1车车速=120&合格=666&车速=180&本班剩余=1000&2车车速=130&剩余=2222&平均=160&行车数量=128&3车车速=125&不良品=888&行机时间=4567&行机次数=56&生产损耗=25%&开工时间=2017-03-13 08:08&时间=2017-03-13 08:08&班组=A&修边损耗=20% 一号线} 
2017/05/17 22:25:11 [D] [factoryController.go:21] mainController.get, factory: c 
2017/05/17 22:25:11 [D] [factoryController.go:22] mainController.get, group: 一号线 
2017/05/17 22:25:11 [D] [factoryController.go:31] MainController.Get, before query factory: {0 c  一号线} 
2017/05/17 22:25:11 [D] [factoryController.go:38] MainController.Get, after query factory: {4 c 排产=1345&切长=1234&本班累计=12345&1车车速=120&合格=666&车速=180&本班剩余=1000&2车车速=130&剩余=2222&平均=160&行车数量=128&3车车速=125&不良品=888&行机时间=4567&行机次数=56&生产损耗=25%&开工时间=2017-03-13 08:08&时间=2017-03-13 08:08&班组=A&修边损耗=20% 一号线} 
2017/05/17 22:25:17 [D] [factoryController.go:21] mainController.get, factory: c 
2017/05/17 22:25:17 [D] [factoryController.go:22] mainController.get, group: 一号线 
2017/05/17 22:25:17 [D] [factoryController.go:31] MainController.Get, before query factory: {0 c  一号线} 
2017/05/17 22:25:17 [D] [factoryController.go:38] MainController.Get, after query factory: {4 c 排产=1345&切长=1234&本班累计=12345&1车车速=120&合格=666&车速=180&本班剩余=1000&2车车速=130&剩余=2222&平均=160&行车数量=128&3车车速=125&不良品=888&行机时间=4567&行机次数=56&生产损耗=25%&开工时间=2017-03-13 08:08&时间=2017-03-13 08:08&班组=A&修边损耗=20% 一号线} 
2017/05/17 22:25:19 [D] [factoryController.go:83] MainController.getGroups, factory: c 
2017/05/17 22:25:19 [D] [factoryController.go:92] MainController.getGroups, factories [{4 c 排产=1345&切长=1234&本班累计=12345&1车车速=120&合格=666&车速=180&本班剩余=1000&2车车速=130&剩余=2222&平均=160&行车数量=128&3车车速=125&不良品=888&行机时间=4567&行机次数=56&生产损耗=25%&开工时间=2017-03-13 08:08&时间=2017-03-13 08:08&班组=A&修边损耗=20% 一号线} {5 c 排产=1234&切长=1234&本班累计=12345&1车车速=120&合格=666&车速=180&本班剩余=1000&2车车速=130&剩余=2222&平均=160&行车数量=128&3车车速=125&不良品=888&行机时间=4567&行机次数=56&生产损耗=25%&开工时间=2017-03-13 08:08&时间=2017-03-13 08:08&班组=A&修边损耗=20% 二号线}] 
2017/05/17 22:25:19 [D] [factoryController.go:102] MainController.getGroups, groupJson:一号线,二号线, 
2017/05/17 22:25:20 [D] [factoryController.go:21] mainController.get, factory: c 
2017/05/17 22:25:20 [D] [factoryController.go:22] mainController.get, group: 一号线 
2017/05/17 22:25:20 [D] [factoryController.go:31] MainController.Get, before query factory: {0 c  一号线} 
2017/05/17 22:25:20 [D] [factoryController.go:38] MainController.Get, after query factory: {4 c 排产=1345&切长=1234&本班累计=12345&1车车速=120&合格=666&车速=180&本班剩余=1000&2车车速=130&剩余=2222&平均=160&行车数量=128&3车车速=125&不良品=888&行机时间=4567&行机次数=56&生产损耗=25%&开工时间=2017-03-13 08:08&时间=2017-03-13 08:08&班组=A&修边损耗=20% 一号线} 
2017/05/17 22:25:30 [D] [factoryController.go:83] MainController.getGroups, factory: c 
2017/05/17 22:25:30 [D] [factoryController.go:92] MainController.getGroups, factories [{4 c 排产=1345&切长=1234&本班累计=12345&1车车速=120&合格=666&车速=180&本班剩余=1000&2车车速=130&剩余=2222&平均=160&行车数量=128&3车车速=125&不良品=888&行机时间=4567&行机次数=56&生产损耗=25%&开工时间=2017-03-13 08:08&时间=2017-03-13 08:08&班组=A&修边损耗=20% 一号线} {5 c 排产=1234&切长=1234&本班累计=12345&1车车速=120&合格=666&车速=180&本班剩余=1000&2车车速=130&剩余=2222&平均=160&行车数量=128&3车车速=125&不良品=888&行机时间=4567&行机次数=56&生产损耗=25%&开工时间=2017-03-13 08:08&时间=2017-03-13 08:08&班组=A&修边损耗=20% 二号线}] 
2017/05/17 22:25:30 [D] [factoryController.go:102] MainController.getGroups, groupJson:一号线,二号线, 
2017/05/17 22:25:31 [D] [factoryController.go:21] mainController.get, factory: c 
2017/05/17 22:25:31 [D] [factoryController.go:22] mainController.get, group: 一号线 
2017/05/17 22:25:31 [D] [factoryController.go:31] MainController.Get, before query factory: {0 c  一号线} 
2017/05/17 22:25:31 [D] [factoryController.go:38] MainController.Get, after query factory: {4 c 排产=1345&切长=1234&本班累计=12345&1车车速=120&合格=666&车速=180&本班剩余=1000&2车车速=130&剩余=2222&平均=160&行车数量=128&3车车速=125&不良品=888&行机时间=4567&行机次数=56&生产损耗=25%&开工时间=2017-03-13 08:08&时间=2017-03-13 08:08&班组=A&修边损耗=20% 一号线} 
2017/05/17 22:25:37 [D] [factoryController.go:21] mainController.get, factory: c 
2017/05/17 22:25:37 [D] [factoryController.go:22] mainController.get, group: 一号线 
2017/05/17 22:25:37 [D] [factoryController.go:31] MainController.Get, before query factory: {0 c  一号线} 
2017/05/17 22:25:37 [D] [factoryController.go:38] MainController.Get, after query factory: {4 c 排产=1345&切长=1234&本班累计=12345&1车车速=120&合格=666&车速=180&本班剩余=1000&2车车速=130&剩余=2222&平均=160&行车数量=128&3车车速=125&不良品=888&行机时间=4567&行机次数=56&生产损耗=25%&开工时间=2017-03-13 08:08&时间=2017-03-13 08:08&班组=A&修边损耗=20% 一号线} 
2017/05/17 22:25:43 [D] [factoryController.go:21] mainController.get, factory: c 
2017/05/17 22:25:43 [D] [factoryController.go:22] mainController.get, group: 一号线 
2017/05/17 22:25:43 [D] [factoryController.go:31] MainController.Get, before query factory: {0 c  一号线} 
2017/05/17 22:25:43 [D] [factoryController.go:38] MainController.Get, after query factory: {4 c 排产=1345&切长=1234&本班累计=12345&1车车速=120&合格=666&车速=180&本班剩余=1000&2车车速=130&剩余=2222&平均=160&行车数量=128&3车车速=125&不良品=888&行机时间=4567&行机次数=56&生产损耗=25%&开工时间=2017-03-13 08:08&时间=2017-03-13 08:08&班组=A&修边损耗=20% 一号线} 
2017/05/17 22:25:50 [D] [factoryController.go:21] mainController.get, factory: c 
2017/05/17 22:25:50 [D] [factoryController.go:22] mainController.get, group: 一号线 
2017/05/17 22:25:50 [D] [factoryController.go:31] MainController.Get, before query factory: {0 c  一号线} 
2017/05/17 22:25:50 [D] [factoryController.go:38] MainController.Get, after query factory: {4 c 排产=1345&切长=1234&本班累计=12345&1车车速=120&合格=666&车速=180&本班剩余=1000&2车车速=130&剩余=2222&平均=160&行车数量=128&3车车速=125&不良品=888&行机时间=4567&行机次数=56&生产损耗=25%&开工时间=2017-03-13 08:08&时间=2017-03-13 08:08&班组=A&修边损耗=20% 一号线} 
2017/05/17 22:25:56 [D] [factoryController.go:21] mainController.get, factory: c 
2017/05/17 22:25:56 [D] [factoryController.go:22] mainController.get, group: 一号线 
2017/05/17 22:25:56 [D] [factoryController.go:31] MainController.Get, before query factory: {0 c  一号线} 
2017/05/17 22:25:56 [D] [factoryController.go:38] MainController.Get, after query factory: {4 c 排产=1345&切长=1234&本班累计=12345&1车车速=120&合格=666&车速=180&本班剩余=1000&2车车速=130&剩余=2222&平均=160&行车数量=128&3车车速=125&不良品=888&行机时间=4567&行机次数=56&生产损耗=25%&开工时间=2017-03-13 08:08&时间=2017-03-13 08:08&班组=A&修边损耗=20% 一号线} 
2017/05/17 22:26:03 [D] [factoryController.go:21] mainController.get, factory: c 
2017/05/17 22:26:03 [D] [factoryController.go:22] mainController.get, group: 一号线 
2017/05/17 22:26:03 [D] [factoryController.go:31] MainController.Get, before query factory: {0 c  一号线} 
2017/05/17 22:26:03 [D] [factoryController.go:38] MainController.Get, after query factory: {4 c 排产=1345&切长=1234&本班累计=12345&1车车速=120&合格=666&车速=180&本班剩余=1000&2车车速=130&剩余=2222&平均=160&行车数量=128&3车车速=125&不良品=888&行机时间=4567&行机次数=56&生产损耗=25%&开工时间=2017-03-13 08:08&时间=2017-03-13 08:08&班组=A&修边损耗=20% 一号线} 
2017/05/17 22:26:08 [D] [factoryController.go:21] mainController.get, factory: c 
2017/05/17 22:26:08 [D] [factoryController.go:22] mainController.get, group: 一号线 
2017/05/17 22:26:08 [D] [factoryController.go:31] MainController.Get, before query factory: {0 c  一号线} 
2017/05/17 22:26:08 [D] [factoryController.go:38] MainController.Get, after query factory: {4 c 排产=1345&切长=1234&本班累计=12345&1车车速=120&合格=666&车速=180&本班剩余=1000&2车车速=130&剩余=2222&平均=160&行车数量=128&3车车速=125&不良品=888&行机时间=4567&行机次数=56&生产损耗=25%&开工时间=2017-03-13 08:08&时间=2017-03-13 08:08&班组=A&修边损耗=20% 一号线} 
2017/05/17 22:26:16 [D] [factoryController.go:83] MainController.getGroups, factory: c 
2017/05/17 22:26:16 [D] [factoryController.go:92] MainController.getGroups, factories [{4 c 排产=1345&切长=1234&本班累计=12345&1车车速=120&合格=666&车速=180&本班剩余=1000&2车车速=130&剩余=2222&平均=160&行车数量=128&3车车速=125&不良品=888&行机时间=4567&行机次数=56&生产损耗=25%&开工时间=2017-03-13 08:08&时间=2017-03-13 08:08&班组=A&修边损耗=20% 一号线} {5 c 排产=1234&切长=1234&本班累计=12345&1车车速=120&合格=666&车速=180&本班剩余=1000&2车车速=130&剩余=2222&平均=160&行车数量=128&3车车速=125&不良品=888&行机时间=4567&行机次数=56&生产损耗=25%&开工时间=2017-03-13 08:08&时间=2017-03-13 08:08&班组=A&修边损耗=20% 二号线}] 
2017/05/17 22:26:16 [D] [factoryController.go:102] MainController.getGroups, groupJson:一号线,二号线, 
2017/05/17 22:26:17 [D] [factoryController.go:21] mainController.get, factory: c 
2017/05/17 22:26:17 [D] [factoryController.go:22] mainController.get, group: 一号线 
2017/05/17 22:26:17 [D] [factoryController.go:31] MainController.Get, before query factory: {0 c  一号线} 
2017/05/17 22:26:17 [D] [factoryController.go:38] MainController.Get, after query factory: {4 c 排产=1345&切长=1234&本班累计=12345&1车车速=120&合格=666&车速=180&本班剩余=1000&2车车速=130&剩余=2222&平均=160&行车数量=128&3车车速=125&不良品=888&行机时间=4567&行机次数=56&生产损耗=25%&开工时间=2017-03-13 08:08&时间=2017-03-13 08:08&班组=A&修边损耗=20% 一号线} 
2017/05/17 22:26:23 [D] [factoryController.go:21] mainController.get, factory: c 
2017/05/17 22:26:23 [D] [factoryController.go:22] mainController.get, group: 一号线 
2017/05/17 22:26:23 [D] [factoryController.go:31] MainController.Get, before query factory: {0 c  一号线} 
2017/05/17 22:26:23 [D] [factoryController.go:38] MainController.Get, after query factory: {4 c 排产=1345&切长=1234&本班累计=12345&1车车速=120&合格=666&车速=180&本班剩余=1000&2车车速=130&剩余=2222&平均=160&行车数量=128&3车车速=125&不良品=888&行机时间=4567&行机次数=56&生产损耗=25%&开工时间=2017-03-13 08:08&时间=2017-03-13 08:08&班组=A&修边损耗=20% 一号线} 
2017/05/17 22:26:55 [D] [factoryController.go:21] mainController.get, factory: c 
2017/05/17 22:26:55 [D] [factoryController.go:22] mainController.get, group: 一号线 
2017/05/17 22:26:55 [D] [factoryController.go:31] MainController.Get, before query factory: {0 c  一号线} 
2017/05/17 22:26:55 [D] [factoryController.go:38] MainController.Get, after query factory: {4 c 排产=1345&切长=1234&本班累计=12345&1车车速=120&合格=666&车速=180&本班剩余=1000&2车车速=130&剩余=2222&平均=160&行车数量=128&3车车速=125&不良品=888&行机时间=4567&行机次数=56&生产损耗=25%&开工时间=2017-03-13 08:08&时间=2017-03-13 08:08&班组=A&修边损耗=20% 一号线} 
2017/05/17 22:27:05 [D] [factoryController.go:83] MainController.getGroups, factory: c 
2017/05/17 22:27:05 [D] [factoryController.go:92] MainController.getGroups, factories [{4 c 排产=1345&切长=1234&本班累计=12345&1车车速=120&合格=666&车速=180&本班剩余=1000&2车车速=130&剩余=2222&平均=160&行车数量=128&3车车速=125&不良品=888&行机时间=4567&行机次数=56&生产损耗=25%&开工时间=2017-03-13 08:08&时间=2017-03-13 08:08&班组=A&修边损耗=20% 一号线} {5 c 排产=1234&切长=1234&本班累计=12345&1车车速=120&合格=666&车速=180&本班剩余=1000&2车车速=130&剩余=2222&平均=160&行车数量=128&3车车速=125&不良品=888&行机时间=4567&行机次数=56&生产损耗=25%&开工时间=2017-03-13 08:08&时间=2017-03-13 08:08&班组=A&修边损耗=20% 二号线}] 
2017/05/17 22:27:05 [D] [factoryController.go:102] MainController.getGroups, groupJson:一号线,二号线, 
2017/05/17 22:27:06 [D] [factoryController.go:21] mainController.get, factory: c 
2017/05/17 22:27:06 [D] [factoryController.go:22] mainController.get, group: 一号线 
2017/05/17 22:27:06 [D] [factoryController.go:31] MainController.Get, before query factory: {0 c  一号线} 
2017/05/17 22:27:06 [D] [factoryController.go:38] MainController.Get, after query factory: {4 c 排产=1345&切长=1234&本班累计=12345&1车车速=120&合格=666&车速=180&本班剩余=1000&2车车速=130&剩余=2222&平均=160&行车数量=128&3车车速=125&不良品=888&行机时间=4567&行机次数=56&生产损耗=25%&开工时间=2017-03-13 08:08&时间=2017-03-13 08:08&班组=A&修边损耗=20% 一号线} 
2017/05/17 22:27:13 [D] [factoryController.go:21] mainController.get, factory: c 
2017/05/17 22:27:13 [D] [factoryController.go:22] mainController.get, group: 一号线 
2017/05/17 22:27:13 [D] [factoryController.go:31] MainController.Get, before query factory: {0 c  一号线} 
2017/05/17 22:27:13 [D] [factoryController.go:38] MainController.Get, after query factory: {4 c 排产=1345&切长=1234&本班累计=12345&1车车速=120&合格=666&车速=180&本班剩余=1000&2车车速=130&剩余=2222&平均=160&行车数量=128&3车车速=125&不良品=888&行机时间=4567&行机次数=56&生产损耗=25%&开工时间=2017-03-13 08:08&时间=2017-03-13 08:08&班组=A&修边损耗=20% 一号线} 
2017/05/17 22:27:21 [D] [factoryController.go:83] MainController.getGroups, factory: c 
2017/05/17 22:27:21 [D] [factoryController.go:92] MainController.getGroups, factories [{4 c 排产=1345&切长=1234&本班累计=12345&1车车速=120&合格=666&车速=180&本班剩余=1000&2车车速=130&剩余=2222&平均=160&行车数量=128&3车车速=125&不良品=888&行机时间=4567&行机次数=56&生产损耗=25%&开工时间=2017-03-13 08:08&时间=2017-03-13 08:08&班组=A&修边损耗=20% 一号线} {5 c 排产=1234&切长=1234&本班累计=12345&1车车速=120&合格=666&车速=180&本班剩余=1000&2车车速=130&剩余=2222&平均=160&行车数量=128&3车车速=125&不良品=888&行机时间=4567&行机次数=56&生产损耗=25%&开工时间=2017-03-13 08:08&时间=2017-03-13 08:08&班组=A&修边损耗=20% 二号线}] 
2017/05/17 22:27:21 [D] [factoryController.go:102] MainController.getGroups, groupJson:一号线,二号线, 
2017/05/17 22:27:25 [D] [factoryController.go:21] mainController.get, factory: c 
2017/05/17 22:27:25 [D] [factoryController.go:22] mainController.get, group: 一号线 
2017/05/17 22:27:25 [D] [factoryController.go:31] MainController.Get, before query factory: {0 c  一号线} 
2017/05/17 22:27:25 [D] [factoryController.go:38] MainController.Get, after query factory: {4 c 排产=1345&切长=1234&本班累计=12345&1车车速=120&合格=666&车速=180&本班剩余=1000&2车车速=130&剩余=2222&平均=160&行车数量=128&3车车速=125&不良品=888&行机时间=4567&行机次数=56&生产损耗=25%&开工时间=2017-03-13 08:08&时间=2017-03-13 08:08&班组=A&修边损耗=20% 一号线} 
2017/05/17 22:27:28 [D] [factoryController.go:21] mainController.get, factory: c 
2017/05/17 22:27:28 [D] [factoryController.go:22] mainController.get, group: 一号线 
2017/05/17 22:27:28 [D] [factoryController.go:31] MainController.Get, before query factory: {0 c  一号线} 
2017/05/17 22:27:28 [D] [factoryController.go:38] MainController.Get, after query factory: {4 c 排产=1345&切长=1234&本班累计=12345&1车车速=120&合格=666&车速=180&本班剩余=1000&2车车速=130&剩余=2222&平均=160&行车数量=128&3车车速=125&不良品=888&行机时间=4567&行机次数=56&生产损耗=25%&开工时间=2017-03-13 08:08&时间=2017-03-13 08:08&班组=A&修边损耗=20% 一号线} 
2017/05/17 22:27:34 [D] [factoryController.go:21] mainController.get, factory: c 
2017/05/17 22:27:34 [D] [factoryController.go:22] mainController.get, group: 一号线 
2017/05/17 22:27:34 [D] [factoryController.go:31] MainController.Get, before query factory: {0 c  一号线} 
2017/05/17 22:27:34 [D] [factoryController.go:38] MainController.Get, after query factory: {4 c 排产=1345&切长=1234&本班累计=12345&1车车速=120&合格=666&车速=180&本班剩余=1000&2车车速=130&剩余=2222&平均=160&行车数量=128&3车车速=125&不良品=888&行机时间=4567&行机次数=56&生产损耗=25%&开工时间=2017-03-13 08:08&时间=2017-03-13 08:08&班组=A&修边损耗=20% 一号线} 
2017/05/17 22:27:40 [D] [factoryController.go:21] mainController.get, factory: c 
2017/05/17 22:27:40 [D] [factoryController.go:22] mainController.get, group: 一号线 
2017/05/17 22:27:40 [D] [factoryController.go:31] MainController.Get, before query factory: {0 c  一号线} 
2017/05/17 22:27:40 [D] [factoryController.go:38] MainController.Get, after query factory: {4 c 排产=1345&切长=1234&本班累计=12345&1车车速=120&合格=666&车速=180&本班剩余=1000&2车车速=130&剩余=2222&平均=160&行车数量=128&3车车速=125&不良品=888&行机时间=4567&行机次数=56&生产损耗=25%&开工时间=2017-03-13 08:08&时间=2017-03-13 08:08&班组=A&修边损耗=20% 一号线} 
2017/05/17 22:27:46 [D] [factoryController.go:21] mainController.get, factory: c 
2017/05/17 22:27:46 [D] [factoryController.go:22] mainController.get, group: 一号线 
2017/05/17 22:27:46 [D] [factoryController.go:31] MainController.Get, before query factory: {0 c  一号线} 
2017/05/17 22:27:46 [D] [factoryController.go:38] MainController.Get, after query factory: {4 c 排产=1345&切长=1234&本班累计=12345&1车车速=120&合格=666&车速=180&本班剩余=1000&2车车速=130&剩余=2222&平均=160&行车数量=128&3车车速=125&不良品=888&行机时间=4567&行机次数=56&生产损耗=25%&开工时间=2017-03-13 08:08&时间=2017-03-13 08:08&班组=A&修边损耗=20% 一号线} 
2017/05/17 22:27:52 [D] [factoryController.go:21] mainController.get, factory: c 
2017/05/17 22:27:52 [D] [factoryController.go:22] mainController.get, group: 一号线 
2017/05/17 22:27:52 [D] [factoryController.go:31] MainController.Get, before query factory: {0 c  一号线} 
2017/05/17 22:27:52 [D] [factoryController.go:38] MainController.Get, after query factory: {4 c 排产=1345&切长=1234&本班累计=12345&1车车速=120&合格=666&车速=180&本班剩余=1000&2车车速=130&剩余=2222&平均=160&行车数量=128&3车车速=125&不良品=888&行机时间=4567&行机次数=56&生产损耗=25%&开工时间=2017-03-13 08:08&时间=2017-03-13 08:08&班组=A&修边损耗=20% 一号线} 
2017/05/17 22:29:11 [D] [histroyController.go:22] HistoryController.Get: factory= f date= 2016-10-20 class=  
2017/05/17 22:29:11 [D] [histroyController.go:25] parmas is empty 
2017/05/17 22:29:49 [D] [histroyController.go:22] HistoryController.Get: factory= f date= 2016-10-20 class=  
2017/05/17 22:29:49 [D] [histroyController.go:25] parmas is empty 
2017/05/17 22:30:55 [I] [asm_amd64.s:2086] http server Running on http://:8081
2017/05/17 22:32:20 [I] [asm_amd64.s:2086] http server Running on http://:8081
2017/05/17 23:09:37 [D] [factoryController.go:83] MainController.getGroups, factory: c 
2017/05/17 23:09:37 [D] [factoryController.go:92] MainController.getGroups, factories [{4 c 排产=1345&切长=1234&本班累计=12345&1车车速=120&合格=666&车速=180&本班剩余=1000&2车车速=130&剩余=2222&平均=160&行车数量=128&3车车速=125&不良品=888&行机时间=4567&行机次数=56&生产损耗=25%&开工时间=2017-03-13 08:08&时间=2017-03-13 08:08&班组=A&修边损耗=20% 一号线} {5 c 排产=1234&切长=1234&本班累计=12345&1车车速=120&合格=666&车速=180&本班剩余=1000&2车车速=130&剩余=2222&平均=160&行车数量=128&3车车速=125&不良品=888&行机时间=4567&行机次数=56&生产损耗=25%&开工时间=2017-03-13 08:08&时间=2017-03-13 08:08&班组=A&修边损耗=20% 二号线}] 
2017/05/17 23:09:37 [D] [factoryController.go:102] MainController.getGroups, groupJson:一号线,二号线, 
2017/05/17 23:57:30 [D] [histroyController.go:23] HistoryController.Get: factory= f date= 2016-10-20 class= c group= 1 
2017/05/17 23:57:30 [D] [paper.go:77] ReadHistory: {0 f  c 2016-10-20 1} 
2017/05/17 23:57:30 [E] [histroyController.go:37] HistoryController.Get: read history failed 
2017/05/17 23:57:59 [D] [histroyController.go:23] HistoryController.Get: factory= c date= 2016-10-20 class= c group= 一号线 
2017/05/17 23:57:59 [D] [paper.go:77] ReadHistory: {0 c  c 2016-10-20 一号线} 
2017/05/17 23:57:59 [E] [histroyController.go:37] HistoryController.Get: read history failed 
2017/05/17 23:59:28 [I] [asm_amd64.s:2086] http server Running on http://:8081
2017/05/17 23:59:30 [D] [factoryController.go:50] MainController requestBody:{"Factory":"c","Other":"排产=1345\u0026切长=1234\u0026本班累计=12345\u00261车车速=120\u0026合格=666\u0026车速=180\u0026本班剩余=1000\u00262车车速=130\u0026剩余=2222\u0026平均=160\u0026行车数量=128\u00263车车速=125\u0026不良品=888\u0026行机时间=4567\u0026行机次数=56\u0026生产损耗=25%\u0026开工时间=2017-03-13 08:08\u0026时间=2017-03-13 08:08\u0026班组=A\u0026修边损耗=20%","Time":"","Class":"","Group":"一号线"} 
2017/05/17 23:59:30 [D] [factoryController.go:64] MainController.Post, id: 4 
2017/05/17 23:59:30 [D] [factoryController.go:65] MainController.Post, created: false 
2017/05/17 23:59:30 [D] [factoryController.go:50] MainController requestBody:{"Factory":"c","Other":"排产=1234\u0026切长=1234\u0026本班累计=12345\u00261车车速=120\u0026合格=666\u0026车速=180\u0026本班剩余=1000\u00262车车速=130\u0026剩余=2222\u0026平均=160\u0026行车数量=128\u00263车车速=125\u0026不良品=888\u0026行机时间=4567\u0026行机次数=56\u0026生产损耗=25%\u0026开工时间=2017-03-13 08:08\u0026时间=2017-03-13 08:08\u0026班组=A\u0026修边损耗=20%","Time":"","Class":"","Group":"二号线"} 
2017/05/17 23:59:30 [D] [factoryController.go:64] MainController.Post, id: 5 
2017/05/17 23:59:30 [D] [factoryController.go:65] MainController.Post, created: false 
2017/05/17 23:59:30 [D] [histroyController.go:51] HistoryController requestBody:{"Factory":"c","Other":"开工时间=2016-10-20 07:48:34\u0026完成时间=2016-10-20 14:17:28\u0026工作时间=389\u0026停机时间=0.52\u0026停机次数=7\u0026平均车速=100\u0026平均门幅=1265\u0026订单笔数=287\u0026换楞次数=20\u0026累计米数=39626\u0026合格米数=38709\u0026累计面积=50132\u0026合格面积=48966\u0026累计重量(kg)=30789\u0026合格重量(kg)=30060\u0026累计修边(m2)=1876\u0026累计修边(kg)=1011\u0026修边比例(%)=3.72","Time":"2016-10-20","Class":"D","Group":"一号线"} 
2017/05/17 23:59:30 [D] [histroyController.go:51] HistoryController requestBody:{"Factory":"c","Other":"开工时间=2016-10-20 07:48:34\u0026完成时间=2016-10-20 14:17:28\u0026工作时间=389\u0026停机时间=0.52\u0026停机次数=7\u0026平均车速=100\u0026平均门幅=1265\u0026订单笔数=287\u0026换楞次数=20\u0026累计米数=39626\u0026合格米数=38709\u0026累计面积=50132\u0026合格面积=48966\u0026累计重量(kg)=30789\u0026合格重量(kg)=30060\u0026累计修边(m2)=1876\u0026累计修边(kg)=1011\u0026修边比例(%)=3.72","Time":"2016-10-20","Class":"D","Group":"二号线"} 
2017/05/17 23:59:35 [D] [factoryController.go:50] MainController requestBody:{"Factory":"c","Other":"排产=1345\u0026切长=1234\u0026本班累计=12345\u00261车车速=120\u0026合格=666\u0026车速=180\u0026本班剩余=1000\u00262车车速=130\u0026剩余=2222\u0026平均=160\u0026行车数量=128\u00263车车速=125\u0026不良品=888\u0026行机时间=4567\u0026行机次数=56\u0026生产损耗=25%\u0026开工时间=2017-03-13 08:08\u0026时间=2017-03-13 08:08\u0026班组=A\u0026修边损耗=20%","Time":"","Class":"","Group":"一号线"} 
2017/05/17 23:59:35 [D] [factoryController.go:64] MainController.Post, id: 4 
2017/05/17 23:59:35 [D] [factoryController.go:65] MainController.Post, created: false 
2017/05/17 23:59:35 [D] [factoryController.go:50] MainController requestBody:{"Factory":"c","Other":"排产=1234\u0026切长=1234\u0026本班累计=12345\u00261车车速=120\u0026合格=666\u0026车速=180\u0026本班剩余=1000\u00262车车速=130\u0026剩余=2222\u0026平均=160\u0026行车数量=128\u00263车车速=125\u0026不良品=888\u0026行机时间=4567\u0026行机次数=56\u0026生产损耗=25%\u0026开工时间=2017-03-13 08:08\u0026时间=2017-03-13 08:08\u0026班组=A\u0026修边损耗=20%","Time":"","Class":"","Group":"二号线"} 
2017/05/17 23:59:35 [D] [factoryController.go:64] MainController.Post, id: 5 
2017/05/17 23:59:35 [D] [factoryController.go:65] MainController.Post, created: false 
2017/05/17 23:59:35 [D] [histroyController.go:51] HistoryController requestBody:{"Factory":"c","Other":"开工时间=2016-10-20 07:48:34\u0026完成时间=2016-10-20 14:17:28\u0026工作时间=389\u0026停机时间=0.52\u0026停机次数=7\u0026平均车速=100\u0026平均门幅=1265\u0026订单笔数=287\u0026换楞次数=20\u0026累计米数=39626\u0026合格米数=38709\u0026累计面积=50132\u0026合格面积=48966\u0026累计重量(kg)=30789\u0026合格重量(kg)=30060\u0026累计修边(m2)=1876\u0026累计修边(kg)=1011\u0026修边比例(%)=3.72","Time":"2016-10-20","Class":"D","Group":"一号线"} 
2017/05/17 23:59:35 [D] [histroyController.go:51] HistoryController requestBody:{"Factory":"c","Other":"开工时间=2016-10-20 07:48:34\u0026完成时间=2016-10-20 14:17:28\u0026工作时间=389\u0026停机时间=0.52\u0026停机次数=7\u0026平均车速=100\u0026平均门幅=1265\u0026订单笔数=287\u0026换楞次数=20\u0026累计米数=39626\u0026合格米数=38709\u0026累计面积=50132\u0026合格面积=48966\u0026累计重量(kg)=30789\u0026合格重量(kg)=30060\u0026累计修边(m2)=1876\u0026累计修边(kg)=1011\u0026修边比例(%)=3.72","Time":"2016-10-20","Class":"D","Group":"二号线"} 
2017/05/17 23:59:40 [D] [histroyController.go:23] HistoryController.Get: factory= c date= 2016-10-20 class= c group= 一号线 
2017/05/17 23:59:40 [D] [paper.go:77] ReadHistory: {0 c  c 2016-10-20 一号线} 
2017/05/17 23:59:40 [E] [histroyController.go:37] HistoryController.Get: read history failed 
